<?xml version="1.0" encoding="UTF-8"?>
<!-- Generated by org.testng.reporters.JUnitReportReporter -->
<testsuite hostname="Nsv-2o" failures="0" tests="1" name="TestNGPackage.TestNGDemo4" time="0.001" errors="0" timestamp="2023-08-31T01:04:49 IST" skipped="0">
  <testcase classname="TestNGPackage.TestNGDemo4" name="webLoginHomeLoan" time="0.001"/>
</testsuite> <!-- TestNGPackage.TestNGDemo4 -->
