<?xml version="1.0" encoding="UTF-8"?>
<!-- Generated by org.testng.reporters.JUnitReportReporter -->
<testsuite hostname="Nsv-2o" failures="0" tests="2" name="SeleniumFrameworkDesign.ErrorValidationTest" time="6.015" errors="0" timestamp="2023-09-10T19:27:15 IST" skipped="0">
  <testcase classname="SeleniumFrameworkDesign.ErrorValidationTest" name="orderErrorTest" time="4.315"/>
  <testcase classname="SeleniumFrameworkDesign.ErrorValidationTest" name="loginErrorTest" time="1.700"/>
</testsuite> <!-- SeleniumFrameworkDesign.ErrorValidationTest -->
