<?xml version="1.0" encoding="UTF-8"?>
<!-- Generated by org.testng.reporters.JUnitReportReporter -->
<testsuite hostname="Nsv-2o" failures="0" tests="2" name="SeleniumFrameworkDesign.StandAloneTest" time="12.030" errors="0" timestamp="2023-09-10T20:23:46 IST" skipped="0">
  <testcase classname="SeleniumFrameworkDesign.StandAloneTest" name="submitOrder" time="6.829"/>
  <testcase classname="SeleniumFrameworkDesign.StandAloneTest" name="submitOrder" time="5.201"/>
</testsuite> <!-- SeleniumFrameworkDesign.StandAloneTest -->
