<?xml version="1.0" encoding="UTF-8"?>
<!-- Generated by org.testng.reporters.JUnitReportReporter -->
<testsuite hostname="Nsv-2o" failures="0" tests="2" name="SeleniumFrameworkDesign.StandAloneTest" time="11.564" errors="0" timestamp="2023-09-08T03:13:53 IST" skipped="0">
  <testcase classname="SeleniumFrameworkDesign.StandAloneTest" name="submitOrder" time="6.300"/>
  <testcase classname="SeleniumFrameworkDesign.StandAloneTest" name="submitOrder" time="5.264"/>
</testsuite> <!-- SeleniumFrameworkDesign.StandAloneTest -->
