<?xml version="1.0" encoding="UTF-8"?>
<!-- Generated by org.testng.reporters.JUnitReportReporter -->
<testsuite hostname="Nsv-2o" failures="0" tests="1" name="SeleniumFrameworkDesign.ErrorValidationTest" time="4.192" errors="0" timestamp="2023-09-08T03:13:30 IST" skipped="0">
  <testcase classname="SeleniumFrameworkDesign.ErrorValidationTest" name="loginErrorTest" time="4.192"/>
</testsuite> <!-- SeleniumFrameworkDesign.ErrorValidationTest -->
