<?xml version="1.0" encoding="UTF-8"?>
<!-- Generated by org.testng.reporters.JUnitReportReporter -->
<testsuite hostname="Nsv-2o" failures="0" tests="1" name="TestNGDemo" time="0.009" errors="0" timestamp="2023-08-29T23:49:53 IST" skipped="0">
  <testcase classname="TestNGDemo" name="testNGDemoMethod" time="0.009"/>
</testsuite> <!-- TestNGDemo -->
