<?xml version="1.0" encoding="UTF-8"?>
<!-- Generated by org.testng.reporters.JUnitReportReporter -->
<testsuite hostname="Nsv-2o" failures="0" tests="2" name="TestNGPackage.TestNGDemo" time="0.013" errors="0" timestamp="2023-08-31T01:04:49 IST" skipped="0">
  <testcase classname="TestNGPackage.TestNGDemo" name="testNGDemoMethod" time="0.010"/>
  <testcase classname="TestNGPackage.TestNGDemo" name="testNGDemoMethod2" time="0.003"/>
</testsuite> <!-- TestNGPackage.TestNGDemo -->
