<?xml version="1.0" encoding="UTF-8"?>
<!-- Generated by org.testng.reporters.JUnitReportReporter -->
<testsuite hostname="Nsv-2o" failures="0" tests="7" name="TestNGPackage.TestNGDemo3" time="0.018" errors="0" timestamp="2023-08-31T01:04:49 IST" skipped="1">
  <testcase classname="TestNGPackage.TestNGDemo3" name="mobileSigninCarLoan" time="0.001"/>
  <testcase classname="TestNGPackage.TestNGDemo3" name="mobileSignOffCarLoan" time="0.002"/>
  <testcase classname="TestNGPackage.TestNGDemo3" name="webLoginCarLoan" time="0.001"/>
  <testcase classname="TestNGPackage.TestNGDemo3" name="webLoginCarLoan" time="0.001"/>
  <testcase classname="TestNGPackage.TestNGDemo3" name="webLoginCarLoan" time="0.002"/>
  <testcase classname="TestNGPackage.TestNGDemo3" name="mobileLoginCarLoan" time="0.011"/>
  <testcase classname="TestNGPackage.TestNGDemo3" name="loginAPICarLoan">
    <skipped/>
  </testcase> <!-- loginAPICarLoan -->
</testsuite> <!-- TestNGPackage.TestNGDemo3 -->
