<?xml version="1.0" encoding="UTF-8"?>
<!-- Generated by org.testng.reporters.JUnitReportReporter -->
<testsuite hostname="Nsv-2o" failures="0" tests="3" name="SeleniumFrameworkDesign.StandAloneTest" time="17.150" errors="0" timestamp="2023-09-13T23:03:48 IST" skipped="0">
  <testcase classname="SeleniumFrameworkDesign.StandAloneTest" name="submitOrder" time="6.914"/>
  <testcase classname="SeleniumFrameworkDesign.StandAloneTest" name="submitOrder" time="6.604"/>
  <testcase classname="SeleniumFrameworkDesign.StandAloneTest" name="orderHistoryTest" time="3.632"/>
</testsuite> <!-- SeleniumFrameworkDesign.StandAloneTest -->
