<?xml version="1.0" encoding="UTF-8"?>
<!-- Generated by org.testng.reporters.JUnitReportReporter -->
<testsuite hostname="Nsv-2o" failures="0" tests="3" name="SeleniumFrameworkDesign.StandAloneTest" time="15.354" errors="0" timestamp="2023-09-11T03:54:40 IST" skipped="0">
  <testcase classname="SeleniumFrameworkDesign.StandAloneTest" name="submitOrder" time="5.619"/>
  <testcase classname="SeleniumFrameworkDesign.StandAloneTest" name="submitOrder" time="5.826"/>
  <testcase classname="SeleniumFrameworkDesign.StandAloneTest" name="orderHistoryTest" time="3.909"/>
</testsuite> <!-- SeleniumFrameworkDesign.StandAloneTest -->
