<?xml version="1.0" encoding="UTF-8"?>
<!-- Generated by org.testng.reporters.JUnitReportReporter -->
<testsuite hostname="Nsv-2o" failures="0" tests="1" name="SeleniumFrameworkDesign.ErrorValidation" time="4.123" errors="0" timestamp="2023-09-08T01:33:04 IST" skipped="0">
  <testcase classname="SeleniumFrameworkDesign.ErrorValidation" name="submitOrder" time="4.123"/>
</testsuite> <!-- SeleniumFrameworkDesign.ErrorValidation -->
