<?xml version="1.0" encoding="UTF-8"?>
<!-- Generated by org.testng.reporters.JUnitReportReporter -->
<testsuite hostname="Nsv-2o" failures="0" tests="2" name="SeleniumFrameworkDesign.StandAloneTest" time="16.125" errors="0" timestamp="2023-09-12T03:31:07 IST" skipped="0">
  <testcase classname="SeleniumFrameworkDesign.StandAloneTest" name="submitOrder" time="5.943"/>
  <testcase classname="SeleniumFrameworkDesign.StandAloneTest" name="submitOrder" time="10.182"/>
</testsuite> <!-- SeleniumFrameworkDesign.StandAloneTest -->
