<?xml version="1.0" encoding="UTF-8"?>
<!-- Generated by org.testng.reporters.JUnitReportReporter -->
<testsuite hostname="Nsv-2o" failures="0" tests="1" name="SeleniumFrameworkDesign.ExtentReports.ExtentReportDemo" time="3.424" errors="0" timestamp="2023-09-11T02:02:12 IST" skipped="0">
  <testcase classname="SeleniumFrameworkDesign.ExtentReports.ExtentReportDemo" name="initialDemo" time="3.424"/>
</testsuite> <!-- SeleniumFrameworkDesign.ExtentReports.ExtentReportDemo -->
